2014-03-19 02:37:53 Error: [MissingControllerException] Controller class PersonController could not be found.
Exception Attributes: array (
  'class' => 'PersonController',
  'plugin' => NULL,
)
Request URL: /appropriation_is/person
Stack Trace:
#0 C:\wamp\www\appropriation_is\webroot\index.php(99): Dispatcher->dispatch(Object(CakeRequest), Object(CakeResponse))
#1 {main}
2014-03-20 02:43:42 Error: [MissingControllerException] Controller class AgentController could not be found.
Exception Attributes: array (
  'class' => 'AgentController',
  'plugin' => NULL,
)
Request URL: /appropriation_is/agent/add
Stack Trace:
#0 C:\wamp\www\appropriation_is\webroot\index.php(99): Dispatcher->dispatch(Object(CakeRequest), Object(CakeResponse))
#1 {main}
2014-03-20 03:31:09 Error: [MissingConnectionException] Database connection "Mysql" is missing, or could not be created.
Exception Attributes: array (
  'class' => 'Mysql',
  'message' => 'SQLSTATE[HY000] [2002] No connection could be made because the target machine actively refused it.
',
  'enabled' => true,
)
Request URL: /appropriation_is/users
Stack Trace:
#0 C:\wamp\www\cake\lib\Cake\Model\Datasource\DboSource.php(260): Mysql->connect()
#1 C:\wamp\www\cake\lib\Cake\Model\ConnectionManager.php(105): DboSource->__construct(Array)
#2 C:\wamp\www\cake\lib\Cake\Model\Model.php(3476): ConnectionManager::getDataSource('default')
#3 C:\wamp\www\cake\lib\Cake\Model\Model.php(1126): Model->setDataSource('default')
#4 C:\wamp\www\cake\lib\Cake\Model\Model.php(3498): Model->setSource('users')
#5 C:\wamp\www\cake\lib\Cake\Model\Model.php(2902): Model->getDataSource()
#6 C:\wamp\www\cake\lib\Cake\Model\Model.php(2874): Model->_readDataSource('all', Array)
#7 C:\wamp\www\cake\lib\Cake\Controller\Component\PaginatorComponent.php(196): Model->find('all', Array)
#8 C:\wamp\www\appropriation_is\Controller\UsersController.php(51): PaginatorComponent->paginate()
#9 [internal function]: UsersController->index()
#10 C:\wamp\www\cake\lib\Cake\Controller\Controller.php(490): ReflectionMethod->invokeArgs(Object(UsersController), Array)
#11 C:\wamp\www\cake\lib\Cake\Routing\Dispatcher.php(185): Controller->invokeAction(Object(CakeRequest))
#12 C:\wamp\www\cake\lib\Cake\Routing\Dispatcher.php(160): Dispatcher->_invoke(Object(UsersController), Object(CakeRequest), Object(CakeResponse))
#13 C:\wamp\www\appropriation_is\webroot\index.php(99): Dispatcher->dispatch(Object(CakeRequest), Object(CakeResponse))
#14 {main}
2014-03-20 03:35:58 Error: [MissingControllerException] Controller class MeetingController could not be found.
Exception Attributes: array (
  'class' => 'MeetingController',
  'plugin' => NULL,
)
Request URL: /appropriation_is/meeting
Stack Trace:
#0 C:\wamp\www\appropriation_is\webroot\index.php(99): Dispatcher->dispatch(Object(CakeRequest), Object(CakeResponse))
#1 {main}
2014-03-20 03:41:20 Error: [MissingViewException] View file "C:\wamp\www\appropriation_is\View\SiteTypes\index.ctp" is missing.
Exception Attributes: array (
  'file' => 'C:\\wamp\\www\\appropriation_is\\View\\SiteTypes\\index.ctp',
)
Request URL: /appropriation_is/site_types
Stack Trace:
#0 C:\wamp\www\cake\lib\Cake\View\View.php(463): View->_getViewFileName(NULL)
#1 C:\wamp\www\cake\lib\Cake\Controller\Controller.php(952): View->render(NULL, NULL)
#2 C:\wamp\www\cake\lib\Cake\Routing\Dispatcher.php(192): Controller->render()
#3 C:\wamp\www\cake\lib\Cake\Routing\Dispatcher.php(160): Dispatcher->_invoke(Object(SiteTypesController), Object(CakeRequest), Object(CakeResponse))
#4 C:\wamp\www\appropriation_is\webroot\index.php(99): Dispatcher->dispatch(Object(CakeRequest), Object(CakeResponse))
#5 {main}
2014-03-20 03:55:57 Error: Fatal Error (1): Call to a member function paginate() on a non-object in [C:\wamp\www\appropriation_is\Controller\ActivitiesController.php, line 7]
2014-03-20 03:55:57 Error: [FatalErrorException] Call to a member function paginate() on a non-object
Request URL: /appropriation_is/activities
Stack Trace:
#0 C:\wamp\www\cake\lib\Cake\Error\ErrorHandler.php(203): ErrorHandler::handleFatalError(1, 'Call to a membe...', 'C:\wamp\www\app...', 7)
#1 [internal function]: ErrorHandler::handleError(1, 'Call to a membe...', 'C:\wamp\www\app...', 7, Array)
#2 C:\wamp\www\cake\lib\Cake\Core\App.php(929): call_user_func('ErrorHandler::h...', 1, 'Call to a membe...', 'C:\wamp\www\app...', 7, Array)
#3 C:\wamp\www\cake\lib\Cake\Core\App.php(902): App::_checkFatalError()
#4 [internal function]: App::shutdown()
#5 {main}
2014-03-20 03:56:58 Error: Fatal Error (1): Cannot access empty property in [C:\wamp\www\cake\lib\Cake\Controller\Controller.php, line 437]
2014-03-20 03:56:58 Error: [FatalErrorException] Cannot access empty property
Request URL: /appropriation_is/activities
Stack Trace:
#0 C:\wamp\www\cake\lib\Cake\Error\ErrorHandler.php(203): ErrorHandler::handleFatalError(1, 'Cannot access e...', 'C:\wamp\www\cak...', 437)
#1 [internal function]: ErrorHandler::handleError(1, 'Cannot access e...', 'C:\wamp\www\cak...', 437, Array)
#2 C:\wamp\www\cake\lib\Cake\Core\App.php(929): call_user_func('ErrorHandler::h...', 1, 'Cannot access e...', 'C:\wamp\www\cak...', 437, Array)
#3 C:\wamp\www\cake\lib\Cake\Core\App.php(902): App::_checkFatalError()
#4 [internal function]: App::shutdown()
#5 {main}
2014-03-20 04:00:41 Error: Fatal Error (1): Cannot access empty property in [C:\wamp\www\cake\lib\Cake\Controller\Controller.php, line 437]
2014-03-20 04:00:41 Error: [FatalErrorException] Cannot access empty property
Request URL: /appropriation_is/activities
Stack Trace:
#0 C:\wamp\www\cake\lib\Cake\Error\ErrorHandler.php(203): ErrorHandler::handleFatalError(1, 'Cannot access e...', 'C:\wamp\www\cak...', 437)
#1 [internal function]: ErrorHandler::handleError(1, 'Cannot access e...', 'C:\wamp\www\cak...', 437, Array)
#2 C:\wamp\www\cake\lib\Cake\Core\App.php(929): call_user_func('ErrorHandler::h...', 1, 'Cannot access e...', 'C:\wamp\www\cak...', 437, Array)
#3 C:\wamp\www\cake\lib\Cake\Core\App.php(902): App::_checkFatalError()
#4 [internal function]: App::shutdown()
#5 {main}
2014-03-20 04:00:46 Error: Fatal Error (1): Cannot access empty property in [C:\wamp\www\cake\lib\Cake\Controller\Controller.php, line 437]
2014-03-20 04:00:46 Error: [FatalErrorException] Cannot access empty property
Request URL: /appropriation_is/activities
Stack Trace:
#0 C:\wamp\www\cake\lib\Cake\Error\ErrorHandler.php(203): ErrorHandler::handleFatalError(1, 'Cannot access e...', 'C:\wamp\www\cak...', 437)
#1 [internal function]: ErrorHandler::handleError(1, 'Cannot access e...', 'C:\wamp\www\cak...', 437, Array)
#2 C:\wamp\www\cake\lib\Cake\Core\App.php(929): call_user_func('ErrorHandler::h...', 1, 'Cannot access e...', 'C:\wamp\www\cak...', 437, Array)
#3 C:\wamp\www\cake\lib\Cake\Core\App.php(902): App::_checkFatalError()
#4 [internal function]: App::shutdown()
#5 {main}
2014-03-20 04:01:32 Error: Fatal Error (1): Cannot access empty property in [C:\wamp\www\cake\lib\Cake\Controller\Controller.php, line 437]
2014-03-20 04:01:32 Error: [FatalErrorException] Cannot access empty property
Request URL: /appropriation_is/activities
Stack Trace:
#0 C:\wamp\www\cake\lib\Cake\Error\ErrorHandler.php(203): ErrorHandler::handleFatalError(1, 'Cannot access e...', 'C:\wamp\www\cak...', 437)
#1 [internal function]: ErrorHandler::handleError(1, 'Cannot access e...', 'C:\wamp\www\cak...', 437, Array)
#2 C:\wamp\www\cake\lib\Cake\Core\App.php(929): call_user_func('ErrorHandler::h...', 1, 'Cannot access e...', 'C:\wamp\www\cak...', 437, Array)
#3 C:\wamp\www\cake\lib\Cake\Core\App.php(902): App::_checkFatalError()
#4 [internal function]: App::shutdown()
#5 {main}
2014-03-20 04:01:36 Error: Fatal Error (1): Cannot access empty property in [C:\wamp\www\cake\lib\Cake\Controller\Controller.php, line 437]
2014-03-20 04:01:36 Error: [FatalErrorException] Cannot access empty property
Request URL: /appropriation_is/activities
Stack Trace:
#0 C:\wamp\www\cake\lib\Cake\Error\ErrorHandler.php(203): ErrorHandler::handleFatalError(1, 'Cannot access e...', 'C:\wamp\www\cak...', 437)
#1 [internal function]: ErrorHandler::handleError(1, 'Cannot access e...', 'C:\wamp\www\cak...', 437, Array)
#2 C:\wamp\www\cake\lib\Cake\Core\App.php(929): call_user_func('ErrorHandler::h...', 1, 'Cannot access e...', 'C:\wamp\www\cak...', 437, Array)
#3 C:\wamp\www\cake\lib\Cake\Core\App.php(902): App::_checkFatalError()
#4 [internal function]: App::shutdown()
#5 {main}
2014-03-20 04:02:40 Error: Fatal Error (1): Cannot access empty property in [C:\wamp\www\cake\lib\Cake\Controller\Controller.php, line 437]
2014-03-20 04:02:40 Error: [FatalErrorException] Cannot access empty property
Request URL: /appropriation_is/activities
Stack Trace:
#0 C:\wamp\www\cake\lib\Cake\Error\ErrorHandler.php(203): ErrorHandler::handleFatalError(1, 'Cannot access e...', 'C:\wamp\www\cak...', 437)
#1 [internal function]: ErrorHandler::handleError(1, 'Cannot access e...', 'C:\wamp\www\cak...', 437, Array)
#2 C:\wamp\www\cake\lib\Cake\Core\App.php(929): call_user_func('ErrorHandler::h...', 1, 'Cannot access e...', 'C:\wamp\www\cak...', 437, Array)
#3 C:\wamp\www\cake\lib\Cake\Core\App.php(902): App::_checkFatalError()
#4 [internal function]: App::shutdown()
#5 {main}
2014-03-20 04:03:09 Error: Fatal Error (1): Cannot access empty property in [C:\wamp\www\cake\lib\Cake\Controller\Controller.php, line 437]
2014-03-20 04:03:09 Error: [FatalErrorException] Cannot access empty property
Request URL: /appropriation_is/activities
Stack Trace:
#0 C:\wamp\www\cake\lib\Cake\Error\ErrorHandler.php(203): ErrorHandler::handleFatalError(1, 'Cannot access e...', 'C:\wamp\www\cak...', 437)
#1 [internal function]: ErrorHandler::handleError(1, 'Cannot access e...', 'C:\wamp\www\cak...', 437, Array)
#2 C:\wamp\www\cake\lib\Cake\Core\App.php(929): call_user_func('ErrorHandler::h...', 1, 'Cannot access e...', 'C:\wamp\www\cak...', 437, Array)
#3 C:\wamp\www\cake\lib\Cake\Core\App.php(902): App::_checkFatalError()
#4 [internal function]: App::shutdown()
#5 {main}
2014-03-20 04:03:11 Error: Fatal Error (1): Cannot access empty property in [C:\wamp\www\cake\lib\Cake\Controller\Controller.php, line 437]
2014-03-20 04:03:11 Error: [FatalErrorException] Cannot access empty property
Request URL: /appropriation_is/activities
Stack Trace:
#0 C:\wamp\www\cake\lib\Cake\Error\ErrorHandler.php(203): ErrorHandler::handleFatalError(1, 'Cannot access e...', 'C:\wamp\www\cak...', 437)
#1 [internal function]: ErrorHandler::handleError(1, 'Cannot access e...', 'C:\wamp\www\cak...', 437, Array)
#2 C:\wamp\www\cake\lib\Cake\Core\App.php(929): call_user_func('ErrorHandler::h...', 1, 'Cannot access e...', 'C:\wamp\www\cak...', 437, Array)
#3 C:\wamp\www\cake\lib\Cake\Core\App.php(902): App::_checkFatalError()
#4 [internal function]: App::shutdown()
#5 {main}
2014-03-20 04:09:13 Error: Fatal Error (1): Call to a member function paginate() on a non-object in [C:\wamp\www\appropriation_is\Controller\ActivitiesController.php, line 10]
2014-03-20 04:09:13 Error: [FatalErrorException] Call to a member function paginate() on a non-object
Request URL: /appropriation_is/activities
Stack Trace:
#0 C:\wamp\www\cake\lib\Cake\Error\ErrorHandler.php(203): ErrorHandler::handleFatalError(1, 'Call to a membe...', 'C:\wamp\www\app...', 10)
#1 [internal function]: ErrorHandler::handleError(1, 'Call to a membe...', 'C:\wamp\www\app...', 10, Array)
#2 C:\wamp\www\cake\lib\Cake\Core\App.php(929): call_user_func('ErrorHandler::h...', 1, 'Call to a membe...', 'C:\wamp\www\app...', 10, Array)
#3 C:\wamp\www\cake\lib\Cake\Core\App.php(902): App::_checkFatalError()
#4 [internal function]: App::shutdown()
#5 {main}
2014-03-20 04:09:30 Error: [MissingTableException] Table activities for model Activity was not found in datasource default.
Exception Attributes: array (
  'table' => 'activities',
  'class' => 'Activity',
  'ds' => 'default',
)
Request URL: /appropriation_is/activities
Stack Trace:
#0 C:\wamp\www\cake\lib\Cake\Model\Model.php(3498): Model->setSource('activities')
#1 C:\wamp\www\cake\lib\Cake\Model\Model.php(2902): Model->getDataSource()
#2 C:\wamp\www\cake\lib\Cake\Model\Model.php(2874): Model->_readDataSource('all', Array)
#3 C:\wamp\www\cake\lib\Cake\Controller\Component\PaginatorComponent.php(196): Model->find('all', Array)
#4 C:\wamp\www\appropriation_is\Controller\ActivitiesController.php(10): PaginatorComponent->paginate()
#5 [internal function]: ActivitiesController->index()
#6 C:\wamp\www\cake\lib\Cake\Controller\Controller.php(490): ReflectionMethod->invokeArgs(Object(ActivitiesController), Array)
#7 C:\wamp\www\cake\lib\Cake\Routing\Dispatcher.php(185): Controller->invokeAction(Object(CakeRequest))
#8 C:\wamp\www\cake\lib\Cake\Routing\Dispatcher.php(160): Dispatcher->_invoke(Object(ActivitiesController), Object(CakeRequest), Object(CakeResponse))
#9 C:\wamp\www\appropriation_is\webroot\index.php(99): Dispatcher->dispatch(Object(CakeRequest), Object(CakeResponse))
#10 {main}
2014-03-20 04:10:06 Error: Fatal Error (1): Cannot access empty property in [C:\wamp\www\cake\lib\Cake\Controller\Controller.php, line 437]
2014-03-20 04:10:06 Error: [FatalErrorException] Cannot access empty property
Request URL: /appropriation_is/activities
Stack Trace:
#0 C:\wamp\www\cake\lib\Cake\Error\ErrorHandler.php(203): ErrorHandler::handleFatalError(1, 'Cannot access e...', 'C:\wamp\www\cak...', 437)
#1 [internal function]: ErrorHandler::handleError(1, 'Cannot access e...', 'C:\wamp\www\cak...', 437, Array)
#2 C:\wamp\www\cake\lib\Cake\Core\App.php(929): call_user_func('ErrorHandler::h...', 1, 'Cannot access e...', 'C:\wamp\www\cak...', 437, Array)
#3 C:\wamp\www\cake\lib\Cake\Core\App.php(902): App::_checkFatalError()
#4 [internal function]: App::shutdown()
#5 {main}
2014-03-20 04:14:51 Error: Fatal Error (1): Call to a member function find() on a non-object in [C:\wamp\www\appropriation_is\Controller\ActivitiesController.php, line 11]
2014-03-20 04:14:51 Error: [FatalErrorException] Call to a member function find() on a non-object
Request URL: /appropriation_is/activities
Stack Trace:
#0 C:\wamp\www\cake\lib\Cake\Error\ErrorHandler.php(203): ErrorHandler::handleFatalError(1, 'Call to a membe...', 'C:\wamp\www\app...', 11)
#1 [internal function]: ErrorHandler::handleError(1, 'Call to a membe...', 'C:\wamp\www\app...', 11, Array)
#2 C:\wamp\www\cake\lib\Cake\Core\App.php(929): call_user_func('ErrorHandler::h...', 1, 'Call to a membe...', 'C:\wamp\www\app...', 11, Array)
#3 C:\wamp\www\cake\lib\Cake\Core\App.php(902): App::_checkFatalError()
#4 [internal function]: App::shutdown()
#5 {main}
2014-03-20 04:27:33 Error: [MissingTableException] Table activities for model Activity was not found in datasource default.
Exception Attributes: array (
  'table' => 'activities',
  'class' => 'Activity',
  'ds' => 'default',
)
Request URL: /appropriation_is/activities
Stack Trace:
#0 C:\wamp\www\cake\lib\Cake\Model\Model.php(3498): Model->setSource('activities')
#1 C:\wamp\www\cake\lib\Cake\Model\Model.php(2902): Model->getDataSource()
#2 C:\wamp\www\cake\lib\Cake\Model\Model.php(2874): Model->_readDataSource('all', Array)
#3 C:\wamp\www\cake\lib\Cake\Controller\Component\PaginatorComponent.php(196): Model->find('all', Array)
#4 C:\wamp\www\appropriation_is\Controller\ActivitiesController.php(12): PaginatorComponent->paginate()
#5 [internal function]: ActivitiesController->index()
#6 C:\wamp\www\cake\lib\Cake\Controller\Controller.php(490): ReflectionMethod->invokeArgs(Object(ActivitiesController), Array)
#7 C:\wamp\www\cake\lib\Cake\Routing\Dispatcher.php(185): Controller->invokeAction(Object(CakeRequest))
#8 C:\wamp\www\cake\lib\Cake\Routing\Dispatcher.php(160): Dispatcher->_invoke(Object(ActivitiesController), Object(CakeRequest), Object(CakeResponse))
#9 C:\wamp\www\appropriation_is\webroot\index.php(99): Dispatcher->dispatch(Object(CakeRequest), Object(CakeResponse))
#10 {main}
